<?xml version="1.0" encoding="UTF-8"?>
<!-- Generated by org.testng.reporters.JUnitXMLReporter -->
<testsuite ignored="15" hostname="DESKTOP-RNENIC8" failures="0" tests="1" name="Default test" time="19.036" errors="0" timestamp="2025-01-11T18:48:47 AST">
  <testcase classname="web_p.Test_web_site" name="CheckTheTitle" time="0.014"/>
  <testcase classname="web_p.Test_web_site" name="fifth" time="0.0">
    <ignored/>
  </testcase> <!-- fifth -->
  <testcase classname="web_p.Test_web_site" name="Enabled_Disabled_Example" time="0.0">
    <ignored/>
  </testcase> <!-- Enabled_Disabled_Example -->
  <testcase classname="web_p.Test_web_site" name="sexth" time="0.0">
    <ignored/>
  </testcase> <!-- sexth -->
  <testcase classname="web_p.Test_web_site" name="Mouse_Hover_Example" time="0.0">
    <ignored/>
  </testcase> <!-- Mouse_Hover_Example -->
  <testcase classname="web_p.Test_web_site" name="first" time="0.0">
    <ignored/>
  </testcase> <!-- first -->
  <testcase classname="web_p.Test_web_site" name="Calendar_Example" time="0.0">
    <ignored/>
  </testcase> <!-- Calendar_Example -->
  <testcase classname="web_p.Test_web_site" name="therd" time="0.0">
    <ignored/>
  </testcase> <!-- therd -->
  <testcase classname="web_p.Test_web_site" name="Web_Table_Example" time="0.0">
    <ignored/>
  </testcase> <!-- Web_Table_Example -->
  <testcase classname="web_p.Test_web_site" name="Element_Displayed_Example" time="0.0">
    <ignored/>
  </testcase> <!-- Element_Displayed_Example -->
  <testcase classname="web_p.Test_web_site" name="iFrame_Example" time="0.0">
    <ignored/>
  </testcase> <!-- iFrame_Example -->
  <testcase classname="web_p.Test_web_site" name="second" time="0.0">
    <ignored/>
  </testcase> <!-- second -->
  <testcase classname="web_p.Test_web_site" name="forth" time="0.0">
    <ignored/>
  </testcase> <!-- forth -->
  <testcase classname="web_p.Test_web_site" name="Dynamic_Dropdown_Example" time="0.0">
    <ignored/>
  </testcase> <!-- Dynamic_Dropdown_Example -->
  <testcase classname="web_p.Test_web_site" name="Switch_To_Alert_Example" time="0.0">
    <ignored/>
  </testcase> <!-- Switch_To_Alert_Example -->
  <testcase classname="web_p.Test_web_site" name="Download_file_to_test" time="0.0">
    <ignored/>
  </testcase> <!-- Download_file_to_test -->
</testsuite> <!-- Default test -->
